<?xml version="1.0" encoding="UTF-8"?>
<!-- Generated by org.testng.reporters.JUnitReportReporter -->
<testsuite skipped="0" hostname="DESK-1989" name="sample1.Adds" tests="1" failures="0" timestamp="15 Jun 2017 08:42:26 GMT" time="18.981" errors="0">
  <testcase name="addition" time="18.981" classname="sample1.Adds"/>
</testsuite> <!-- sample1.Adds -->
